2021-06-13 23:37:32,361---test_web.py---87--- INFO:---用例---【获取用户信息成功】---执行成功
2021-06-13 23:37:46,891---test_web.py---87--- INFO:---用例---【获取资源列表成功】---执行成功
2021-06-13 23:38:07,880---test_web.py---87--- INFO:---用例---【获取用户信息成功】---执行成功
2021-06-13 23:38:08,182---test_web.py---87--- INFO:---用例---【获取资源列表成功】---执行成功
2021-06-13 23:38:08,473---test_web.py---87--- INFO:---用例---【获取绑定公众号信息】---执行成功
2021-06-13 23:38:08,883---test_web.py---87--- INFO:---用例---【获取资源缺陷列表成功】---执行成功
2021-06-13 23:38:09,345---test_web.py---87--- INFO:---用例---【新增角色成功】---执行成功
2021-06-13 23:38:09,757---test_web.py---87--- INFO:---用例---【新增角色--缺少数据权限】---执行成功
2021-06-13 23:38:10,188---test_web.py---87--- INFO:---用例---【角色列表获取成功】---执行成功
2021-06-13 23:38:10,598---test_web.py---87--- INFO:---用例---【角色详情查看】---执行成功
2021-06-13 23:38:11,059---test_web.py---87--- INFO:---用例---【编辑角色成功】---执行成功
2021-06-13 23:38:11,531---test_web.py---87--- INFO:---用例---【删除角色列表接口获取的角色】---执行成功
2021-06-13 23:38:11,972---test_web.py---87--- INFO:---用例---【获取部门列表】---执行成功
2021-06-13 23:38:13,085---test_web.py---87--- INFO:---用例---【新增门店用户成功】---执行成功
2021-06-13 23:38:13,544---test_web.py---87--- INFO:---用例---【查询获取的部门id下用户列表】---执行成功
2021-06-13 23:38:13,946---test_web.py---87--- INFO:---用例---【编辑用户“王雷测试”】---执行成功
2021-06-13 23:38:14,417---test_web.py---87--- INFO:---用例---【删除用户“王雷测试”】---执行成功
2021-06-13 23:41:05,001---test_web.py---87--- INFO:---用例---【获取用户信息成功】---执行成功
2021-06-13 23:41:05,311---test_web.py---87--- INFO:---用例---【获取资源列表成功】---执行成功
2021-06-13 23:41:05,601---test_web.py---87--- INFO:---用例---【获取绑定公众号信息】---执行成功
2021-06-13 23:41:06,069---test_web.py---87--- INFO:---用例---【获取资源缺陷列表成功】---执行成功
2021-06-13 23:41:06,531---test_web.py---87--- INFO:---用例---【新增角色成功】---执行成功
2021-06-13 23:41:06,911---test_web.py---87--- INFO:---用例---【新增角色--缺少数据权限】---执行成功
2021-06-13 23:41:07,295---test_web.py---87--- INFO:---用例---【角色列表获取成功】---执行成功
2021-06-13 23:41:07,756---test_web.py---87--- INFO:---用例---【角色详情查看】---执行成功
2021-06-13 23:41:08,205---test_web.py---87--- INFO:---用例---【编辑角色成功】---执行成功
2021-06-13 23:41:08,675---test_web.py---87--- INFO:---用例---【删除角色列表接口获取的角色】---执行成功
2021-06-13 23:41:09,061---test_web.py---87--- INFO:---用例---【获取部门列表】---执行成功
2021-06-13 23:41:10,251---test_web.py---87--- INFO:---用例---【新增门店用户成功】---执行成功
2021-06-13 23:41:10,700---test_web.py---87--- INFO:---用例---【查询获取的部门id下用户列表】---执行成功
2021-06-13 23:41:11,150---test_web.py---87--- INFO:---用例---【编辑用户“王雷测试”】---执行成功
2021-06-13 23:41:11,560---test_web.py---87--- INFO:---用例---【删除用户“王雷测试”】---执行成功
2021-06-13 23:42:16,358---test_web.py---87--- INFO:---用例---【获取用户信息成功】---执行成功
2021-06-13 23:42:18,374---test_web.py---87--- INFO:---用例---【获取资源列表成功】---执行成功
2021-06-13 23:42:20,268---test_web.py---87--- INFO:---用例---【获取绑定公众号信息】---执行成功
2021-06-13 23:42:21,571---test_web.py---87--- INFO:---用例---【获取资源缺陷列表成功】---执行成功
2021-06-13 23:42:23,402---test_web.py---87--- INFO:---用例---【新增角色成功】---执行成功
2021-06-13 23:42:30,986---test_web.py---87--- INFO:---用例---【新增角色--缺少数据权限】---执行成功
2021-06-13 23:42:45,725---test_web.py---87--- INFO:---用例---【角色列表获取成功】---执行成功
2021-06-13 23:42:46,960---test_web.py---87--- INFO:---用例---【角色详情查看】---执行成功
2021-06-13 23:42:48,071---test_web.py---87--- INFO:---用例---【编辑角色成功】---执行成功
2021-06-13 23:42:49,111---test_web.py---87--- INFO:---用例---【删除角色列表接口获取的角色】---执行成功
2021-06-13 23:42:56,541---test_web.py---87--- INFO:---用例---【获取用户信息成功】---执行成功
2021-06-13 23:42:56,853---test_web.py---87--- INFO:---用例---【获取资源列表成功】---执行成功
2021-06-13 23:42:57,163---test_web.py---87--- INFO:---用例---【获取绑定公众号信息】---执行成功
2021-06-13 23:42:57,583---test_web.py---87--- INFO:---用例---【获取资源缺陷列表成功】---执行成功
2021-06-13 23:42:58,035---test_web.py---87--- INFO:---用例---【新增角色成功】---执行成功
2021-06-13 23:42:58,495---test_web.py---87--- INFO:---用例---【新增角色--缺少数据权限】---执行成功
2021-06-13 23:42:58,854---test_web.py---87--- INFO:---用例---【角色列表获取成功】---执行成功
2021-06-13 23:42:59,234---test_web.py---87--- INFO:---用例---【角色详情查看】---执行成功
2021-06-13 23:42:59,735---test_web.py---87--- INFO:---用例---【编辑角色成功】---执行成功
2021-06-13 23:43:00,160---test_web.py---87--- INFO:---用例---【删除角色列表接口获取的角色】---执行成功
2021-06-13 23:43:00,633---test_web.py---87--- INFO:---用例---【获取部门列表】---执行成功
2021-06-13 23:43:01,792---test_web.py---87--- INFO:---用例---【新增门店用户成功】---执行成功
2021-06-13 23:43:02,164---test_web.py---87--- INFO:---用例---【查询获取的部门id下用户列表】---执行成功
2021-06-13 23:43:02,575---test_web.py---87--- INFO:---用例---【编辑用户“王雷测试”】---执行成功
2021-06-13 23:43:02,986---test_web.py---87--- INFO:---用例---【删除用户“王雷测试”】---执行成功
2021-06-13 23:43:28,303---test_web.py---88--- INFO:---用例---【获取用户信息成功】---执行成功
2021-06-13 23:43:28,613---test_web.py---88--- INFO:---用例---【获取资源列表成功】---执行成功
2021-06-13 23:43:28,902---test_web.py---88--- INFO:---用例---【获取绑定公众号信息】---执行成功
2021-06-13 23:43:29,330---test_web.py---88--- INFO:---用例---【获取资源缺陷列表成功】---执行成功
2021-06-13 23:43:29,813---test_web.py---88--- INFO:---用例---【新增角色成功】---执行成功
2021-06-13 23:43:30,190---test_web.py---88--- INFO:---用例---【新增角色--缺少数据权限】---执行成功
2021-06-13 23:43:30,680---test_web.py---88--- INFO:---用例---【角色列表获取成功】---执行成功
2021-06-13 23:43:31,092---test_web.py---88--- INFO:---用例---【角色详情查看】---执行成功
2021-06-13 23:43:31,625---test_web.py---88--- INFO:---用例---【编辑角色成功】---执行成功
2021-06-13 23:43:32,107---test_web.py---88--- INFO:---用例---【删除角色列表接口获取的角色】---执行成功
2021-06-13 23:43:32,497---test_web.py---88--- INFO:---用例---【获取部门列表】---执行成功
2021-06-13 23:43:33,671---test_web.py---88--- INFO:---用例---【新增门店用户成功】---执行成功
2021-06-13 23:43:34,063---test_web.py---88--- INFO:---用例---【查询获取的部门id下用户列表】---执行成功
2021-06-13 23:43:34,513---test_web.py---88--- INFO:---用例---【编辑用户“王雷测试”】---执行成功
2021-06-13 23:43:34,915---test_web.py---88--- INFO:---用例---【删除用户“王雷测试”】---执行成功
2021-06-13 23:46:16,550---test_web.py---88--- INFO:---用例---【获取用户信息成功】---执行成功
2021-06-13 23:46:16,871---test_web.py---88--- INFO:---用例---【获取资源列表成功】---执行成功
2021-06-13 23:46:17,193---test_web.py---88--- INFO:---用例---【获取绑定公众号信息】---执行成功
2021-06-13 23:46:17,613---test_web.py---88--- INFO:---用例---【获取资源缺陷列表成功】---执行成功
2021-06-13 23:46:18,068---test_web.py---88--- INFO:---用例---【新增角色成功】---执行成功
2021-06-13 23:46:18,438---test_web.py---88--- INFO:---用例---【新增角色--缺少数据权限】---执行成功
2021-06-13 23:46:18,798---test_web.py---88--- INFO:---用例---【角色列表获取成功】---执行成功
2021-06-13 23:46:19,329---test_web.py---88--- INFO:---用例---【角色详情查看】---执行成功
2021-06-13 23:46:19,871---test_web.py---88--- INFO:---用例---【编辑角色成功】---执行成功
2021-06-13 23:46:20,282---test_web.py---88--- INFO:---用例---【删除角色列表接口获取的角色】---执行成功
2021-06-13 23:46:20,713---test_web.py---88--- INFO:---用例---【获取部门列表】---执行成功
2021-06-13 23:46:21,736---test_web.py---88--- INFO:---用例---【新增门店用户成功】---执行成功
2021-06-13 23:46:22,166---test_web.py---88--- INFO:---用例---【查询获取的部门id下用户列表】---执行成功
2021-06-13 23:46:22,558---test_web.py---88--- INFO:---用例---【编辑用户“王雷测试”】---执行成功
2021-06-13 23:46:22,977---test_web.py---88--- INFO:---用例---【删除用户“王雷测试”】---执行成功
2021-06-14 13:33:29,720---test_web.py---87--- INFO:---用例---【获取用户信息成功】---执行成功
2021-06-14 13:33:30,032---test_web.py---87--- INFO:---用例---【获取资源列表成功】---执行成功
2021-06-14 13:33:30,330---test_web.py---87--- INFO:---用例---【获取绑定公众号信息】---执行成功
2021-06-14 13:33:30,798---test_web.py---87--- INFO:---用例---【获取资源缺陷列表成功】---执行成功
2021-06-14 13:33:31,287---test_web.py---87--- INFO:---用例---【新增角色成功】---执行成功
2021-06-14 13:33:31,662---test_web.py---87--- INFO:---用例---【新增角色--缺少数据权限】---执行成功
2021-06-14 13:33:32,052---test_web.py---87--- INFO:---用例---【角色列表获取成功】---执行成功
2021-06-14 13:33:32,506---test_web.py---87--- INFO:---用例---【角色详情查看】---执行成功
2021-06-14 13:33:32,943---test_web.py---87--- INFO:---用例---【编辑角色成功】---执行成功
2021-06-14 13:33:33,350---test_web.py---87--- INFO:---用例---【删除角色列表接口获取的角色】---执行成功
2021-06-14 13:33:33,724---test_web.py---87--- INFO:---用例---【获取部门列表】---执行成功
2021-06-14 13:33:34,990---test_web.py---87--- INFO:---用例---【新增门店用户成功】---执行成功
2021-06-14 13:33:35,427---test_web.py---87--- INFO:---用例---【查询获取的部门id下用户列表】---执行成功
2021-06-14 13:33:35,880---test_web.py---87--- INFO:---用例---【编辑用户“王雷测试”】---执行成功
2021-06-14 13:33:36,286---test_web.py---87--- INFO:---用例---【删除用户“王雷测试”】---执行成功
2021-06-14 14:10:16,738---test_web.py---87--- INFO:---用例---【获取用户信息成功】---执行成功
2021-06-14 14:10:17,060---test_web.py---87--- INFO:---用例---【获取资源列表成功】---执行成功
2021-06-14 14:10:17,402---test_web.py---87--- INFO:---用例---【获取绑定公众号信息】---执行成功
2021-06-14 14:10:17,871---test_web.py---87--- INFO:---用例---【获取资源缺陷列表成功】---执行成功
2021-06-14 14:10:18,291---test_web.py---87--- INFO:---用例---【新增角色成功】---执行成功
2021-06-14 14:10:18,650---test_web.py---87--- INFO:---用例---【新增角色--缺少数据权限】---执行成功
2021-06-14 14:10:19,015---test_web.py---87--- INFO:---用例---【角色列表获取成功】---执行成功
2021-06-14 14:10:19,405---test_web.py---87--- INFO:---用例---【角色详情查看】---执行成功
2021-06-14 14:10:19,889---test_web.py---87--- INFO:---用例---【编辑角色成功】---执行成功
2021-06-14 14:10:20,421---test_web.py---87--- INFO:---用例---【删除角色列表接口获取的角色】---执行成功
2021-06-14 14:10:20,827---test_web.py---87--- INFO:---用例---【获取部门列表】---执行成功
2021-06-14 14:10:21,826---test_web.py---87--- INFO:---用例---【新增门店用户成功】---执行成功
2021-06-14 14:10:22,295---test_web.py---87--- INFO:---用例---【查询获取的部门id下用户列表】---执行成功
2021-06-14 14:10:22,748---test_web.py---87--- INFO:---用例---【编辑用户“王雷测试”】---执行成功
2021-06-14 14:10:23,170---test_web.py---87--- INFO:---用例---【删除用户“王雷测试”】---执行成功
